EkinCareLatest/build/outputs/logs/manifest-merger-debug-report.txt
-- Merging decision tree log ---
manifest
ADDED from android-new/EkinCareLatest/AndroidManifest.xml:2:1-317:12
	package
		ADDED from android-new/EkinCareLatest/AndroidManifest.xml:3:5-27
		INJECTED from android-new/EkinCareLatest/AndroidManifest.xml
		INJECTED from android-new/EkinCareLatest/AndroidManifest.xml
	android:versionName
		ADDED from android-new/EkinCareLatest/AndroidManifest.xml:5:5-30
		INJECTED from android-new/EkinCareLatest/AndroidManifest.xml
		INJECTED from android-new/EkinCareLatest/AndroidManifest.xml
	android:versionCode
		ADDED from android-new/EkinCareLatest/AndroidManifest.xml:4:5-29
		INJECTED from android-new/EkinCareLatest/AndroidManifest.xml
		INJECTED from android-new/EkinCareLatest/AndroidManifest.xml
	xmlns:android
		ADDED from android-new/EkinCareLatest/AndroidManifest.xml:2:11-69
uses-sdk
ADDED from android-new/EkinCareLatest/AndroidManifest.xml:7:5-9:41
MERGED from [com.android.support:multidex:1.0.1] AndroidManifest.xml:18:5-42
MERGED from [com.google.android.gms:play-services:9.2.0] AndroidManifest.xml:4:5-42
MERGED from [com.google.android.gms:play-services-analytics:9.2.0] AndroidManifest.xml:18:5-42
MERGED from [com.google.android.gms:play-services-appinvite:9.2.0] AndroidManifest.xml:18:5-42
MERGED from [com.google.android.gms:play-services-cast-framework:9.2.0] AndroidManifest.xml:4:5-42
MERGED from [com.google.android.gms:play-services-cast:9.2.0] AndroidManifest.xml:18:5-42
MERGED from [com.android.support:mediarouter-v7:23.0.0] AndroidManifest.xml:20:5-43
MERGED from [com.google.firebase:firebase-config:9.2.0] AndroidManifest.xml:18:5-42
MERGED from [com.google.android.gms:play-services-contextmanager:9.2.0] AndroidManifest.xml:18:5-42
MERGED from [com.google.firebase:firebase-crash:9.2.0] AndroidManifest.xml:22:5-42
MERGED from [com.google.firebase:firebase-auth:9.2.0] AndroidManifest.xml:18:5-43
MERGED from [com.google.firebase:firebase-auth-common:9.2.0] AndroidManifest.xml:18:5-43
MERGED from [com.google.firebase:firebase-auth-module:9.2.0] AndroidManifest.xml:4:5-43
MERGED from [com.google.firebase:firebase-database:9.2.0] AndroidManifest.xml:5:5-43
MERGED from [com.google.firebase:firebase-database-connection:9.2.0] AndroidManifest.xml:5:5-43
MERGED from [com.google.firebase:firebase-messaging:9.2.0] AndroidManifest.xml:18:5-42
MERGED from [com.google.firebase:firebase-storage:9.2.0] AndroidManifest.xml:5:5-43
MERGED from [com.google.firebase:firebase-storage-common:9.2.0] AndroidManifest.xml:5:5-43
MERGED from [com.google.android.gms:play-services-games:9.2.0] AndroidManifest.xml:18:5-42
MERGED from [com.google.android.gms:play-services-drive:9.2.0] AndroidManifest.xml:18:5-42
MERGED from [com.google.android.gms:play-services-appindexing:9.2.0] AndroidManifest.xml:18:5-42
MERGED from [com.google.android.gms:play-services-nearby:9.2.0] AndroidManifest.xml:4:5-42
MERGED from [com.google.android.gms:play-services-panorama:9.2.0] AndroidManifest.xml:18:5-42
MERGED from [com.google.android.gms:play-services-places:9.2.0] AndroidManifest.xml:18:5-42
MERGED from [com.google.android.gms:play-services-plus:9.2.0] AndroidManifest.xml:18:5-42
MERGED from [com.google.android.gms:play-services-safetynet:9.2.0] AndroidManifest.xml:18:5-42
MERGED from [com.google.android.gms:play-services-tagmanager:9.2.0] AndroidManifest.xml:18:5-42
MERGED from [com.google.android.gms:play-services-analytics-impl:9.2.0] AndroidManifest.xml:18:5-42
MERGED from [com.google.android.gms:play-services-tagmanager-api:9.2.0] AndroidManifest.xml:18:5-42
MERGED from [com.google.firebase:firebase-analytics:9.2.0] AndroidManifest.xml:18:5-42
MERGED from [com.google.firebase:firebase-analytics-impl:9.2.0] AndroidManifest.xml:18:5-42
MERGED from [com.google.firebase:firebase-iid:9.2.0] AndroidManifest.xml:18:5-42
MERGED from [com.google.firebase:firebase-common:9.2.0] AndroidManifest.xml:4:5-43
MERGED from [com.google.android.gms:play-services-vision:9.2.0] AndroidManifest.xml:4:5-42
MERGED from [com.google.android.gms:play-services-wallet:9.2.0] AndroidManifest.xml:19:5-42
MERGED from [com.google.android.gms:play-services-identity:9.2.0] AndroidManifest.xml:18:5-42
MERGED from [com.google.android.gms:play-services-wearable:9.2.0] AndroidManifest.xml:18:5-42
MERGED from [com.google.android.gms:play-services-ads:9.2.0] AndroidManifest.xml:19:5-42
MERGED from [com.google.android.gms:play-services-ads-lite:9.2.0] AndroidManifest.xml:23:5-42
MERGED from [com.google.android.gms:play-services-clearcut:9.2.0] AndroidManifest.xml:18:5-42
MERGED from [com.google.android.gms:play-services-gass:9.2.0] AndroidManifest.xml:18:5-42
MERGED from [com.google.android.gms:play-services-auth:9.2.0] AndroidManifest.xml:18:5-43
MERGED from [com.google.android.gms:play-services-auth-base:9.2.0] AndroidManifest.xml:5:5-43
MERGED from [com.google.android.gms:play-services-gcm:9.2.0] AndroidManifest.xml:18:5-42
MERGED from [com.google.android.gms:play-services-iid:9.2.0] AndroidManifest.xml:18:5-42
MERGED from [com.google.android.gms:play-services-fitness:9.2.0] AndroidManifest.xml:18:5-42
MERGED from [com.google.android.gms:play-services-location:9.2.0] AndroidManifest.xml:18:5-42
MERGED from [com.google.android.gms:play-services-maps:9.2.0] AndroidManifest.xml:26:5-42
MERGED from [com.google.android.gms:play-services-base:9.2.0] AndroidManifest.xml:18:5-42
MERGED from [com.google.android.gms:play-services-tasks:9.2.0] AndroidManifest.xml:4:5-43
MERGED from [com.google.android.gms:play-services-basement:9.2.0] AndroidManifest.xml:18:5-42
MERGED from [com.mixpanel.android:mixpanel-android:4.9.2] AndroidManifest.xml:11:5-13:41
MERGED from [com.mcxiaoke.volley:library-aar:1.0.0] AndroidManifest.xml:3:5-72
MERGED from [com.lsjwzh:materialloadingprogressbar:0.5.8-RELEASE] AndroidManifest.xml:7:5-9:41
MERGED from [com.android.support:design:23.0.1] AndroidManifest.xml:20:5-43
MERGED from [com.facebook.android:facebook-android-sdk:4.0.0] AndroidManifest.xml:24:5-26:41
MERGED from [com.robinhood.spark:spark:1.1.2] AndroidManifest.xml:6:5-8:41
MERGED from [com.github.ganfra:material-spinner:1.1.1] AndroidManifest.xml:6:5-8:41
MERGED from [com.android.support:appcompat-v7:23.1.0] AndroidManifest.xml:20:5-43
MERGED from [com.android.support:recyclerview-v7:23.1.0] AndroidManifest.xml:20:5-43
MERGED from [com.android.support:cardview-v7:24.2.0] AndroidManifest.xml:20:5-43
MERGED from [uk.co.samuelwall:material-tap-target-prompt:1.4.3] AndroidManifest.xml:23:5-25:41
MERGED from [com.wx.wheelview:wheelview:1.3.3] AndroidManifest.xml:7:5-9:41
MERGED from [com.makeramen:roundedimageview:2.2.1] AndroidManifest.xml:7:5-43
MERGED from [de.hdodenhof:circleimageview:2.1.0] AndroidManifest.xml:5:5-7:41
MERGED from [net.frakbot:jumpingbeans:1.3.0] AndroidManifest.xml:7:5-9:41
MERGED from [com.razorpay:checkout:1.2.0] AndroidManifest.xml:5:5-7:41
MERGED from [android-new:openCVLibrary310:unspecified] AndroidManifest.xml:7:5-9:41
MERGED from [com.github.ozodrukh:CircularReveal:1.1.1] AndroidManifest.xml:6:5-8:41
MERGED from [com.amulyakhare:com.amulyakhare.textdrawable:1.0.1] AndroidManifest.xml:8:5-10:41
MERGED from [com.android.support.test.espresso:espresso-core:2.2.2] AndroidManifest.xml:20:5-22:41
MERGED from [com.android.support.test:rules:0.5] AndroidManifest.xml:5:5-7:41
MERGED from [com.android.support.test:runner:0.5] AndroidManifest.xml:20:5-22:41
MERGED from [com.android.support.test:exposed-instrumentation-api-publish:0.5] AndroidManifest.xml:20:5-22:41
MERGED from [com.android.support.test.espresso:espresso-idling-resource:2.2.2] AndroidManifest.xml:20:5-22:41
	android:targetSdkVersion
		ADDED from android-new/EkinCareLatest/AndroidManifest.xml:9:9-38
		INJECTED from android-new/EkinCareLatest/AndroidManifest.xml
		INJECTED from android-new/EkinCareLatest/AndroidManifest.xml
	android:minSdkVersion
		ADDED from android-new/EkinCareLatest/AndroidManifest.xml:8:9-35
		INJECTED from android-new/EkinCareLatest/AndroidManifest.xml
		INJECTED from android-new/EkinCareLatest/AndroidManifest.xml
supports-screens
ADDED from android-new/EkinCareLatest/AndroidManifest.xml:11:5-15:39
	android:largeScreens
		ADDED from android-new/EkinCareLatest/AndroidManifest.xml:13:9-36
	android:smallScreens
		ADDED from android-new/EkinCareLatest/AndroidManifest.xml:15:9-36
	android:normalScreens
		ADDED from android-new/EkinCareLatest/AndroidManifest.xml:14:9-37
	android:anyDensity
		ADDED from android-new/EkinCareLatest/AndroidManifest.xml:12:9-34
uses-feature#android.hardware.camera
ADDED from android-new/EkinCareLatest/AndroidManifest.xml:17:5-19:35
	android:required
		ADDED from android-new/EkinCareLatest/AndroidManifest.xml:19:9-32
	android:name
		ADDED from android-new/EkinCareLatest/AndroidManifest.xml:18:9-47
permission#com.ekincare.permission.MAPS_RECEIVE
ADDED from android-new/EkinCareLatest/AndroidManifest.xml:21:5-23:47
	android:protectionLevel
		ADDED from android-new/EkinCareLatest/AndroidManifest.xml:23:9-44
	android:name
		ADDED from android-new/EkinCareLatest/AndroidManifest.xml:22:9-60
uses-permission#com.ekincare.permission.MAPS_RECEIVE
ADDED from android-new/EkinCareLatest/AndroidManifest.xml:25:5-76
	android:name
		ADDED from android-new/EkinCareLatest/AndroidManifest.xml:25:22-73
uses-permission#com.google.android.providers.gsf.permission.READ_GSERVICES
ADDED from android-new/EkinCareLatest/AndroidManifest.xml:26:5-98
	android:name
		ADDED from android-new/EkinCareLatest/AndroidManifest.xml:26:22-95
uses-permission#android.permission.ACCESS_NETWORK_STATE
ADDED from android-new/EkinCareLatest/AndroidManifest.xml:27:5-79
MERGED from [com.google.android.gms:play-services-analytics:9.2.0] AndroidManifest.xml:22:5-79
MERGED from [com.google.android.gms:play-services-nearby:9.2.0] AndroidManifest.xml:5:5-79
MERGED from [com.google.android.gms:play-services-analytics-impl:9.2.0] AndroidManifest.xml:22:5-79
MERGED from [com.google.android.gms:play-services-tagmanager-api:9.2.0] AndroidManifest.xml:22:5-79
MERGED from [com.google.firebase:firebase-analytics:9.2.0] AndroidManifest.xml:22:5-79
MERGED from [com.google.firebase:firebase-analytics-impl:9.2.0] AndroidManifest.xml:22:5-79
MERGED from [com.google.firebase:firebase-iid:9.2.0] AndroidManifest.xml:20:5-79
MERGED from [com.google.android.gms:play-services-ads-lite:9.2.0] AndroidManifest.xml:21:5-78
MERGED from [com.google.android.gms:play-services-maps:9.2.0] AndroidManifest.xml:20:5-78
	android:name
		ADDED from android-new/EkinCareLatest/AndroidManifest.xml:27:22-76
uses-permission#android.permission.INTERNET
ADDED from android-new/EkinCareLatest/AndroidManifest.xml:28:5-67
MERGED from [com.google.android.gms:play-services-analytics:9.2.0] AndroidManifest.xml:21:5-67
MERGED from [com.google.android.gms:play-services-appinvite:9.2.0] AndroidManifest.xml:19:5-67
MERGED from [com.google.firebase:firebase-crash:9.2.0] AndroidManifest.xml:20:5-66
MERGED from [com.google.android.gms:play-services-analytics-impl:9.2.0] AndroidManifest.xml:21:5-67
MERGED from [com.google.android.gms:play-services-tagmanager-api:9.2.0] AndroidManifest.xml:21:5-67
MERGED from [com.google.firebase:firebase-analytics:9.2.0] AndroidManifest.xml:21:5-67
MERGED from [com.google.firebase:firebase-analytics-impl:9.2.0] AndroidManifest.xml:21:5-67
MERGED from [com.google.firebase:firebase-iid:9.2.0] AndroidManifest.xml:21:5-67
MERGED from [com.google.android.gms:play-services-ads-lite:9.2.0] AndroidManifest.xml:20:5-66
MERGED from [com.google.android.gms:play-services-gcm:9.2.0] AndroidManifest.xml:22:5-67
MERGED from [com.google.android.gms:play-services-iid:9.2.0] AndroidManifest.xml:22:5-67
MERGED from [com.google.android.gms:play-services-maps:9.2.0] AndroidManifest.xml:21:5-66
MERGED from [com.mixpanel.android:mixpanel-android:4.9.2] AndroidManifest.xml:16:5-67
MERGED from [com.razorpay:checkout:1.2.0] AndroidManifest.xml:9:5-67
	android:name
		ADDED from android-new/EkinCareLatest/AndroidManifest.xml:28:22-64
uses-permission#android.permission.BLUETOOTH
ADDED from android-new/EkinCareLatest/AndroidManifest.xml:29:5-68
	android:name
		ADDED from android-new/EkinCareLatest/AndroidManifest.xml:29:22-65
uses-permission#android.permission.ACCESS_WIFI_STATE
ADDED from android-new/EkinCareLatest/AndroidManifest.xml:30:5-76
	android:name
		ADDED from android-new/EkinCareLatest/AndroidManifest.xml:30:22-73
uses-permission#android.permission.READ_SYNC_SETTINGS
ADDED from android-new/EkinCareLatest/AndroidManifest.xml:31:5-77
	android:name
		ADDED from android-new/EkinCareLatest/AndroidManifest.xml:31:22-74
uses-permission#android.permission.WRITE_SYNC_SETTINGS
ADDED from android-new/EkinCareLatest/AndroidManifest.xml:32:5-78
	android:name
		ADDED from android-new/EkinCareLatest/AndroidManifest.xml:32:22-75
uses-permission#android.permission.AUTHENTICATE_ACCOUNTS
ADDED from android-new/EkinCareLatest/AndroidManifest.xml:33:5-80
	android:name
		ADDED from android-new/EkinCareLatest/AndroidManifest.xml:33:22-77
uses-permission#android.permission.GET_ACCOUNTS
ADDED from android-new/EkinCareLatest/AndroidManifest.xml:35:5-71
	android:name
		ADDED from android-new/EkinCareLatest/AndroidManifest.xml:35:22-68
uses-permission#android.permission.READ_EXTERNAL_STORAGE
ADDED from android-new/EkinCareLatest/AndroidManifest.xml:36:5-80
	android:name
		ADDED from android-new/EkinCareLatest/AndroidManifest.xml:36:22-77
uses-permission#android.permission.RECEIVE_SMS
ADDED from android-new/EkinCareLatest/AndroidManifest.xml:37:5-70
	android:name
		ADDED from android-new/EkinCareLatest/AndroidManifest.xml:37:22-67
uses-permission#android.permission.READ_SMS
ADDED from android-new/EkinCareLatest/AndroidManifest.xml:38:5-67
	android:name
		ADDED from android-new/EkinCareLatest/AndroidManifest.xml:38:22-64
uses-permission#android.permission.RECEIVE_BOOT_COMPLETED
ADDED from android-new/EkinCareLatest/AndroidManifest.xml:39:5-81
	android:name
		ADDED from android-new/EkinCareLatest/AndroidManifest.xml:39:22-78
uses-permission#android.permission.ACCESS_COARSE_LOCATION
ADDED from android-new/EkinCareLatest/AndroidManifest.xml:41:5-81
	android:name
		ADDED from android-new/EkinCareLatest/AndroidManifest.xml:41:22-78
uses-permission#android.permission.ACCESS_FINE_LOCATION
ADDED from android-new/EkinCareLatest/AndroidManifest.xml:42:5-79
	android:name
		ADDED from android-new/EkinCareLatest/AndroidManifest.xml:42:22-76
uses-permission#android.permission.PHONE_CALL
ADDED from android-new/EkinCareLatest/AndroidManifest.xml:43:5-69
	android:name
		ADDED from android-new/EkinCareLatest/AndroidManifest.xml:43:22-66
uses-permission#android.permission.CALL_PHONE
ADDED from android-new/EkinCareLatest/AndroidManifest.xml:44:5-69
	android:name
		ADDED from android-new/EkinCareLatest/AndroidManifest.xml:44:22-66
uses-permission#android.permission.READ_PHONE_STATE
ADDED from android-new/EkinCareLatest/AndroidManifest.xml:45:5-75
	android:name
		ADDED from android-new/EkinCareLatest/AndroidManifest.xml:45:22-72
uses-permission#android.permission.WAKE_LOCK
ADDED from android-new/EkinCareLatest/AndroidManifest.xml:46:5-68
MERGED from [com.google.android.gms:play-services-analytics:9.2.0] AndroidManifest.xml:25:5-67
MERGED from [com.google.android.gms:play-services-analytics-impl:9.2.0] AndroidManifest.xml:25:5-67
MERGED from [com.google.firebase:firebase-analytics:9.2.0] AndroidManifest.xml:24:5-67
MERGED from [com.google.firebase:firebase-analytics-impl:9.2.0] AndroidManifest.xml:24:5-67
MERGED from [com.google.firebase:firebase-iid:9.2.0] AndroidManifest.xml:22:5-68
	android:name
		ADDED from android-new/EkinCareLatest/AndroidManifest.xml:46:22-65
uses-permission#com.google.android.c2dm.permission.RECEIVE
ADDED from android-new/EkinCareLatest/AndroidManifest.xml:48:5-82
MERGED from [com.google.firebase:firebase-iid:9.2.0] AndroidManifest.xml:23:5-82
MERGED from [com.google.android.gms:play-services-gcm:9.2.0] AndroidManifest.xml:21:5-82
MERGED from [com.google.android.gms:play-services-iid:9.2.0] AndroidManifest.xml:21:5-82
	android:name
		ADDED from android-new/EkinCareLatest/AndroidManifest.xml:48:22-79
uses-permission#com.google.android.c2dm.permission.REGISTER
ADDED from android-new/EkinCareLatest/AndroidManifest.xml:49:5-83
	android:name
		ADDED from android-new/EkinCareLatest/AndroidManifest.xml:49:22-80
uses-permission#com.ekincare.receiver.permission.C2D_MESSAGE
ADDED from android-new/EkinCareLatest/AndroidManifest.xml:50:5-84
	android:name
		ADDED from android-new/EkinCareLatest/AndroidManifest.xml:50:22-81
uses-permission#android.permission.CAMERA
ADDED from android-new/EkinCareLatest/AndroidManifest.xml:51:5-65
	android:name
		ADDED from android-new/EkinCareLatest/AndroidManifest.xml:51:22-62
uses-permission#android.permission.WRITE_EXTERNAL_STORAGE
ADDED from android-new/EkinCareLatest/AndroidManifest.xml:52:5-81
	android:name
		ADDED from android-new/EkinCareLatest/AndroidManifest.xml:52:22-78
permission#android.permission.ACCESS_FINE_LOCATION
ADDED from android-new/EkinCareLatest/AndroidManifest.xml:54:5-74
	android:name
		ADDED from android-new/EkinCareLatest/AndroidManifest.xml:54:17-71
permission#android.permission.ACCESS_COARSE_LOCATION
ADDED from android-new/EkinCareLatest/AndroidManifest.xml:55:5-76
	android:name
		ADDED from android-new/EkinCareLatest/AndroidManifest.xml:55:17-73
permission#android.permission.CALL_PHONE
ADDED from android-new/EkinCareLatest/AndroidManifest.xml:56:5-64
	android:name
		ADDED from android-new/EkinCareLatest/AndroidManifest.xml:56:17-61
permission#android.permission.READ_PHONE_STATE
ADDED from android-new/EkinCareLatest/AndroidManifest.xml:57:5-70
	android:name
		ADDED from android-new/EkinCareLatest/AndroidManifest.xml:57:17-67
permission#android.permission.CAMERA
ADDED from android-new/EkinCareLatest/AndroidManifest.xml:58:5-60
	android:name
		ADDED from android-new/EkinCareLatest/AndroidManifest.xml:58:17-57
permission#android.permission.READ_EXTERNAL_STORAGE
ADDED from android-new/EkinCareLatest/AndroidManifest.xml:59:5-75
	android:name
		ADDED from android-new/EkinCareLatest/AndroidManifest.xml:59:17-72
permission#android.permission.WRITE_EXTERNAL_STORAGE
ADDED from android-new/EkinCareLatest/AndroidManifest.xml:60:5-76
	android:name
		ADDED from android-new/EkinCareLatest/AndroidManifest.xml:60:17-73
permission#android.permission.RECEIVE_SMS
ADDED from android-new/EkinCareLatest/AndroidManifest.xml:61:5-65
	android:name
		ADDED from android-new/EkinCareLatest/AndroidManifest.xml:61:17-62
permission#android.permission.READ_SMS
ADDED from android-new/EkinCareLatest/AndroidManifest.xml:62:5-62
	android:name
		ADDED from android-new/EkinCareLatest/AndroidManifest.xml:62:17-59
permission#com.ekincare.receiver.permission.C2D_MESSAGE
ADDED from android-new/EkinCareLatest/AndroidManifest.xml:66:5-68:47
	android:protectionLevel
		ADDED from android-new/EkinCareLatest/AndroidManifest.xml:68:9-44
	android:name
		ADDED from android-new/EkinCareLatest/AndroidManifest.xml:67:9-68
uses-feature#0x00020000
ADDED from android-new/EkinCareLatest/AndroidManifest.xml:70:5-72:35
MERGED from [com.google.android.gms:play-services-maps:9.2.0] AndroidManifest.xml:22:5-24:33
	android:glEsVersion
		ADDED from android-new/EkinCareLatest/AndroidManifest.xml:71:9-41
	android:required
		ADDED from android-new/EkinCareLatest/AndroidManifest.xml:72:9-32
application
ADDED from android-new/EkinCareLatest/AndroidManifest.xml:74:5-315:19
MERGED from [com.google.android.gms:play-services:9.2.0] AndroidManifest.xml:5:5-20
MERGED from [com.google.android.gms:play-services-analytics:9.2.0] AndroidManifest.xml:27:5-20
MERGED from [com.google.android.gms:play-services-appinvite:9.2.0] AndroidManifest.xml:20:5-30:19
MERGED from [com.google.android.gms:play-services-cast-framework:9.2.0] AndroidManifest.xml:5:5-9:19
MERGED from [com.google.android.gms:play-services-cast:9.2.0] AndroidManifest.xml:19:5-20
MERGED from [com.android.support:mediarouter-v7:23.0.0] AndroidManifest.xml:22:5-20
MERGED from [com.google.firebase:firebase-config:9.2.0] AndroidManifest.xml:19:5-20
MERGED from [com.google.android.gms:play-services-contextmanager:9.2.0] AndroidManifest.xml:19:5-20
MERGED from [com.google.firebase:firebase-crash:9.2.0] AndroidManifest.xml:24:5-32:19
MERGED from [com.google.firebase:firebase-auth:9.2.0] AndroidManifest.xml:20:5-21:19
MERGED from [com.google.firebase:firebase-auth-common:9.2.0] AndroidManifest.xml:20:5-21:19
MERGED from [com.google.firebase:firebase-messaging:9.2.0] AndroidManifest.xml:20:5-32:19
MERGED from [com.google.android.gms:play-services-games:9.2.0] AndroidManifest.xml:19:5-20
MERGED from [com.google.android.gms:play-services-drive:9.2.0] AndroidManifest.xml:19:5-20
MERGED from [com.google.android.gms:play-services-appindexing:9.2.0] AndroidManifest.xml:19:5-20
MERGED from [com.google.android.gms:play-services-nearby:9.2.0] AndroidManifest.xml:6:5-20
MERGED from [com.google.android.gms:play-services-panorama:9.2.0] AndroidManifest.xml:19:5-20
MERGED from [com.google.android.gms:play-services-places:9.2.0] AndroidManifest.xml:19:5-20
MERGED from [com.google.android.gms:play-services-plus:9.2.0] AndroidManifest.xml:19:5-20
MERGED from [com.google.android.gms:play-services-safetynet:9.2.0] AndroidManifest.xml:19:5-20
MERGED from [com.google.android.gms:play-services-analytics-impl:9.2.0] AndroidManifest.xml:27:5-20
MERGED from [com.google.android.gms:play-services-tagmanager-api:9.2.0] AndroidManifest.xml:24:5-38:19
MERGED from [com.google.firebase:firebase-analytics:9.2.0] AndroidManifest.xml:26:5-41:19
MERGED from [com.google.firebase:firebase-analytics-impl:9.2.0] AndroidManifest.xml:26:5-41:19
MERGED from [com.google.firebase:firebase-iid:9.2.0] AndroidManifest.xml:30:5-59:19
MERGED from [com.google.firebase:firebase-common:9.2.0] AndroidManifest.xml:5:5-12:19
MERGED from [com.google.android.gms:play-services-vision:9.2.0] AndroidManifest.xml:5:5-20
MERGED from [com.google.android.gms:play-services-identity:9.2.0] AndroidManifest.xml:19:5-20
MERGED from [com.google.android.gms:play-services-wearable:9.2.0] AndroidManifest.xml:19:5-20
MERGED from [com.google.android.gms:play-services-ads-lite:9.2.0] AndroidManifest.xml:24:5-32:19
MERGED from [com.google.android.gms:play-services-clearcut:9.2.0] AndroidManifest.xml:19:5-20
MERGED from [com.google.android.gms:play-services-gass:9.2.0] AndroidManifest.xml:19:5-20
MERGED from [com.google.android.gms:play-services-auth:9.2.0] AndroidManifest.xml:20:5-32:19
MERGED from [com.google.android.gms:play-services-gcm:9.2.0] AndroidManifest.xml:24:5-20
MERGED from [com.google.android.gms:play-services-iid:9.2.0] AndroidManifest.xml:24:5-20
MERGED from [com.google.android.gms:play-services-fitness:9.2.0] AndroidManifest.xml:19:5-20
MERGED from [com.google.android.gms:play-services-location:9.2.0] AndroidManifest.xml:19:5-20
MERGED from [com.google.android.gms:play-services-maps:9.2.0] AndroidManifest.xml:27:5-20
MERGED from [com.google.android.gms:play-services-base:9.2.0] AndroidManifest.xml:19:5-23:19
MERGED from [com.google.android.gms:play-services-tasks:9.2.0] AndroidManifest.xml:5:5-20
MERGED from [com.google.android.gms:play-services-basement:9.2.0] AndroidManifest.xml:20:5-24:19
MERGED from [com.mixpanel.android:mixpanel-android:4.9.2] AndroidManifest.xml:42:5-122:19
MERGED from [com.mcxiaoke.volley:library-aar:1.0.0] AndroidManifest.xml:5:5-19
MERGED from [com.lsjwzh:materialloadingprogressbar:0.5.8-RELEASE] AndroidManifest.xml:11:5-12:19
MERGED from [com.android.support:design:23.0.1] AndroidManifest.xml:22:5-20
MERGED from [com.facebook.android:facebook-android-sdk:4.0.0] AndroidManifest.xml:28:5-20
MERGED from [com.android.support:appcompat-v7:23.1.0] AndroidManifest.xml:22:5-20
MERGED from [com.android.support:cardview-v7:24.2.0] AndroidManifest.xml:22:5-20
MERGED from [com.wx.wheelview:wheelview:1.3.3] AndroidManifest.xml:11:5-14:19
MERGED from [de.hdodenhof:circleimageview:2.1.0] AndroidManifest.xml:9:5-20
MERGED from [net.frakbot:jumpingbeans:1.3.0] AndroidManifest.xml:11:5-20
MERGED from [com.razorpay:checkout:1.2.0] AndroidManifest.xml:11:5-24:19
MERGED from [com.github.ozodrukh:CircularReveal:1.1.1] AndroidManifest.xml:10:5-20
MERGED from [com.amulyakhare:com.amulyakhare.textdrawable:1.0.1] AndroidManifest.xml:12:5-20
MERGED from [com.android.support.test:runner:0.5] AndroidManifest.xml:24:5-20
MERGED from [com.android.support.test:exposed-instrumentation-api-publish:0.5] AndroidManifest.xml:24:5-20
MERGED from [com.android.support.test.espresso:espresso-idling-resource:2.2.2] AndroidManifest.xml:24:5-20
	android:label
		ADDED from android-new/EkinCareLatest/AndroidManifest.xml:79:9-41
	android:supportsRtl
		ADDED from android-new/EkinCareLatest/AndroidManifest.xml:81:9-35
	android:hardwareAccelerated
		ADDED from android-new/EkinCareLatest/AndroidManifest.xml:77:9-43
	android:allowBackup
		ADDED from android-new/EkinCareLatest/AndroidManifest.xml:76:9-35
	android:icon
		ADDED from android-new/EkinCareLatest/AndroidManifest.xml:78:9-45
	android:largeHeap
		ADDED from android-new/EkinCareLatest/AndroidManifest.xml:80:9-33
	android:theme
		ADDED from android-new/EkinCareLatest/AndroidManifest.xml:82:9-40
	android:name
		ADDED from android-new/EkinCareLatest/AndroidManifest.xml:75:9-48
meta-data#com.facebook.sdk.ApplicationId
ADDED from android-new/EkinCareLatest/AndroidManifest.xml:83:9-85:55
	android:value
		ADDED from android-new/EkinCareLatest/AndroidManifest.xml:85:13-52
	android:name
		ADDED from android-new/EkinCareLatest/AndroidManifest.xml:84:13-58
activity#com.oneclick.ekincare.SplashScreenActivity
ADDED from android-new/EkinCareLatest/AndroidManifest.xml:87:9-99:20
	android:screenOrientation
		ADDED from android-new/EkinCareLatest/AndroidManifest.xml:92:13-49
	android:label
		ADDED from android-new/EkinCareLatest/AndroidManifest.xml:90:13-45
	android:configChanges
		ADDED from android-new/EkinCareLatest/AndroidManifest.xml:89:13-48
	android:theme
		ADDED from android-new/EkinCareLatest/AndroidManifest.xml:91:13-53
	android:name
		ADDED from android-new/EkinCareLatest/AndroidManifest.xml:88:13-70
intent-filter#android.intent.action.MAIN+android.intent.category.LAUNCHER
ADDED from android-new/EkinCareLatest/AndroidManifest.xml:93:13-96:29
action#android.intent.action.MAIN
ADDED from android-new/EkinCareLatest/AndroidManifest.xml:94:17-69
	android:name
		ADDED from android-new/EkinCareLatest/AndroidManifest.xml:94:25-66
category#android.intent.category.LAUNCHER
ADDED from android-new/EkinCareLatest/AndroidManifest.xml:95:17-77
	android:name
		ADDED from android-new/EkinCareLatest/AndroidManifest.xml:95:27-74
activity#com.oneclick.ekincare.ActivitySignUpTest
ADDED from android-new/EkinCareLatest/AndroidManifest.xml:100:9-103:67
	android:screenOrientation
		ADDED from android-new/EkinCareLatest/AndroidManifest.xml:102:13-49
	android:windowSoftInputMode
		ADDED from android-new/EkinCareLatest/AndroidManifest.xml:103:13-65
	android:name
		ADDED from android-new/EkinCareLatest/AndroidManifest.xml:101:13-68
activity#com.oneclick.ekincare.LoginActivity
ADDED from android-new/EkinCareLatest/AndroidManifest.xml:104:9-107:67
	android:screenOrientation
		ADDED from android-new/EkinCareLatest/AndroidManifest.xml:106:13-49
	android:windowSoftInputMode
		ADDED from android-new/EkinCareLatest/AndroidManifest.xml:107:13-65
	android:name
		ADDED from android-new/EkinCareLatest/AndroidManifest.xml:105:13-63
activity#com.mixpanel.android.surveys.SurveyActivity
ADDED from android-new/EkinCareLatest/AndroidManifest.xml:109:9-110:78
	android:theme
		ADDED from android-new/EkinCareLatest/AndroidManifest.xml:110:13-76
	android:name
		ADDED from android-new/EkinCareLatest/AndroidManifest.xml:109:19-77
activity#com.oneclick.ekincare.HowWasYourDayActivity
ADDED from android-new/EkinCareLatest/AndroidManifest.xml:113:9-115:52
	android:screenOrientation
		ADDED from android-new/EkinCareLatest/AndroidManifest.xml:115:13-49
	android:name
		ADDED from android-new/EkinCareLatest/AndroidManifest.xml:114:13-71
activity#com.oneclick.ekincare.ActivitySetting
ADDED from android-new/EkinCareLatest/AndroidManifest.xml:116:9-118:52
	android:screenOrientation
		ADDED from android-new/EkinCareLatest/AndroidManifest.xml:118:13-49
	android:name
		ADDED from android-new/EkinCareLatest/AndroidManifest.xml:117:13-65
activity#com.oneclick.ekincare.MainActivity
ADDED from android-new/EkinCareLatest/AndroidManifest.xml:119:9-122:51
	android:screenOrientation
		ADDED from android-new/EkinCareLatest/AndroidManifest.xml:122:13-49
	android:windowSoftInputMode
		ADDED from android-new/EkinCareLatest/AndroidManifest.xml:121:13-55
	android:name
		ADDED from android-new/EkinCareLatest/AndroidManifest.xml:120:13-62
activity#com.oneclick.ekincare.ActivityFamilyMemberSwitch
ADDED from android-new/EkinCareLatest/AndroidManifest.xml:124:9-127:58
	android:screenOrientation
		ADDED from android-new/EkinCareLatest/AndroidManifest.xml:126:13-49
	android:theme
		ADDED from android-new/EkinCareLatest/AndroidManifest.xml:127:13-55
	android:name
		ADDED from android-new/EkinCareLatest/AndroidManifest.xml:125:13-76
activity#com.oneclick.ekincare.ActivityNotificationList
ADDED from android-new/EkinCareLatest/AndroidManifest.xml:129:9-132:16
	android:screenOrientation
		ADDED from android-new/EkinCareLatest/AndroidManifest.xml:131:13-49
	android:name
		ADDED from android-new/EkinCareLatest/AndroidManifest.xml:130:13-74
activity#com.oneclick.ekincare.ActivityFamilyMemberAddMedication
ADDED from android-new/EkinCareLatest/AndroidManifest.xml:134:9-137:54
	android:screenOrientation
		ADDED from android-new/EkinCareLatest/AndroidManifest.xml:136:13-49
	android:windowSoftInputMode
		ADDED from android-new/EkinCareLatest/AndroidManifest.xml:137:13-52
	android:name
		ADDED from android-new/EkinCareLatest/AndroidManifest.xml:135:13-83
activity#com.oneclick.ekincare.ActivityEditProfile
ADDED from android-new/EkinCareLatest/AndroidManifest.xml:139:9-141:52
	android:screenOrientation
		ADDED from android-new/EkinCareLatest/AndroidManifest.xml:141:13-49
	android:name